Arguments: 
  C:\Program Files\nodejs\node.exe C:\Program Files (x86)\Yarn\bin\yarn.js install

PATH: 
  C:\xampp\php;C:\composer;C:\Program Files\Symfony;C:\Program Files\Git\cmd;C:\Program Files\nodejs\;C:\Program Files\dotnet\;C:\Program Files (x86)\Yarn\bin\;C:\Windows\System32\;C:\Users\svetoslav\AppData\Roaming\Composer\vendor\bin;C:\Users\svetoslav\AppData\Roaming\npm;D:\develpment\Microsoft VS Code\bin;C:\Users\svetoslav\AppData\Local\Yarn\bin;:C:\Windows\System32

Yarn version: 
  1.17.3

Node version: 
  10.16.0

Platform: 
  win32 x64

Trace: 
  Error: write EIO
      at afterWriteDispatched (internal/stream_base_commons.js:78:25)
      at writeGeneric (internal/stream_base_commons.js:73:3)
      at WriteStream.Socket._writeGeneric (net.js:713:5)
      at WriteStream.Socket._write (net.js:725:8)
      at doWrite (_stream_writable.js:415:12)
      at writeOrBuffer (_stream_writable.js:399:5)
      at WriteStream.Writable.write (_stream_writable.js:299:11)
      at writeOnNthLine (C:\Program Files (x86)\Yarn\lib\cli.js:49260:12)
      at Spinner.render (C:\Program Files (x86)\Yarn\lib\cli.js:93075:48)
      at Spinner.start (C:\Program Files (x86)\Yarn\lib\cli.js:93062:10)

npm manifest: 
  No manifest

yarn manifest: 
  No manifest

Lockfile: 
  No lockfile
